[  3600.614] _XSERVTransSocketUNIXCreateListener: ...SocketCreateListener() failed
[  3600.614] _XSERVTransMakeAllCOTSServerListeners: server already running
[  3600.617] (--) Log file renamed from "/home/codehora/.local/share/xorg/Xorg.pid-4612.log" to "/home/codehora/.local/share/xorg/Xorg.1.log"
[  3600.618] 
X.Org X Server 1.20.11
X Protocol Version 11, Revision 0
[  3600.618] Build Operating System: linux Ubuntu
[  3600.618] Current Operating System: Linux codehora-VirtualBox 5.11.0-27-generic #29~20.04.1-Ubuntu SMP Wed Aug 11 15:58:17 UTC 2021 x86_64
[  3600.618] Kernel command line: BOOT_IMAGE=/boot/vmlinuz-5.11.0-27-generic root=UUID=98995d7a-bca9-4ae9-8962-6cde6ee6ea39 ro quiet splash
[  3600.618] Build Date: 06 July 2021  10:17:51AM
[  3600.618] xorg-server 2:1.20.11-1ubuntu1~20.04.2 (For technical support please see http://www.ubuntu.com/support) 
[  3600.618] Current version of pixman: 0.38.4
[  3600.618] 	Before reporting problems, check http://wiki.x.org
	to make sure that you have the latest version.
[  3600.618] Markers: (--) probed, (**) from config file, (==) default setting,
	(++) from command line, (!!) notice, (II) informational,
	(WW) warning, (EE) error, (NI) not implemented, (??) unknown.
[  3600.618] (==) Log file: "/home/codehora/.local/share/xorg/Xorg.1.log", Time: Mon Apr 28 17:56:29 2025
[  3600.618] (==) Using system config directory "/usr/share/X11/xorg.conf.d"
[  3600.618] (==) No Layout section.  Using the first Screen section.
[  3600.618] (==) No screen section available. Using defaults.
[  3600.618] (**) |-->Screen "Default Screen Section" (0)
[  3600.618] (**) |   |-->Monitor "<default monitor>"
[  3600.619] (==) No monitor specified for screen "Default Screen Section".
	Using a default monitor configuration.
[  3600.619] (==) Automatically adding devices
[  3600.619] (==) Automatically enabling devices
[  3600.619] (==) Automatically adding GPU devices
[  3600.619] (==) Automatically binding GPU devices
[  3600.619] (==) Max clients allowed: 256, resource mask: 0x1fffff
[  3600.619] (WW) The directory "/usr/share/fonts/X11/cyrillic" does not exist.
[  3600.619] 	Entry deleted from font path.
[  3600.619] (WW) The directory "/usr/share/fonts/X11/100dpi/" does not exist.
[  3600.619] 	Entry deleted from font path.
[  3600.619] (WW) The directory "/usr/share/fonts/X11/75dpi/" does not exist.
[  3600.619] 	Entry deleted from font path.
[  3600.619] (WW) The directory "/usr/share/fonts/X11/100dpi" does not exist.
[  3600.619] 	Entry deleted from font path.
[  3600.619] (WW) The directory "/usr/share/fonts/X11/75dpi" does not exist.
[  3600.619] 	Entry deleted from font path.
[  3600.619] (==) FontPath set to:
	/usr/share/fonts/X11/misc,
	/usr/share/fonts/X11/Type1,
	built-ins
[  3600.619] (==) ModulePath set to "/usr/lib/xorg/modules"
[  3600.619] (II) The server relies on udev to provide the list of input devices.
	If no devices become available, reconfigure udev or disable AutoAddDevices.
[  3600.619] (II) Loader magic: 0x5639e5742020
[  3600.619] (II) Module ABI versions:
[  3600.619] 	X.Org ANSI C Emulation: 0.4
[  3600.619] 	X.Org Video Driver: 24.1
[  3600.619] 	X.Org XInput driver : 24.1
[  3600.619] 	X.Org Server Extension : 10.0
[  3600.622] (++) using VT number 2

[  3600.624] (II) systemd-logind: took control of session /org/freedesktop/login1/session/_38
[  3600.625] (II) xfree86: Adding drm device (/dev/dri/card0)
[  3600.626] (II) systemd-logind: got fd for /dev/dri/card0 226:0 fd 13 paused 0
[  3600.628] (--) PCI:*(0@0:2:0) 15ad:0405:15ad:0405 rev 0, Mem @ 0xe0000000/16777216, 0xf0000000/2097152, I/O @ 0x0000d010/16, BIOS @ 0x????????/131072
[  3600.628] (II) LoadModule: "glx"
[  3600.628] (II) Loading /usr/lib/xorg/modules/extensions/libglx.so
[  3600.629] (II) Module glx: vendor="X.Org Foundation"
[  3600.629] 	compiled for 1.20.11, module version = 1.0.0
[  3600.629] 	ABI class: X.Org Server Extension, version 10.0
[  3600.629] (==) Matched vmware as autoconfigured driver 0
[  3600.629] (==) Matched modesetting as autoconfigured driver 1
[  3600.629] (==) Matched fbdev as autoconfigured driver 2
[  3600.629] (==) Matched vesa as autoconfigured driver 3
[  3600.629] (==) Assigned the driver to the xf86ConfigLayout
[  3600.629] (II) LoadModule: "vmware"
[  3600.629] (II) Loading /usr/lib/xorg/modules/drivers/vmware_drv.so
[  3600.642] (II) Module vmware: vendor="X.Org Foundation"
[  3600.642] 	compiled for 1.20.8, module version = 13.3.0
[  3600.642] 	Module class: X.Org Video Driver
[  3600.642] 	ABI class: X.Org Video Driver, version 24.1
[  3600.642] (II) LoadModule: "modesetting"
[  3600.642] (II) Loading /usr/lib/xorg/modules/drivers/modesetting_drv.so
[  3600.642] (II) Module modesetting: vendor="X.Org Foundation"
[  3600.642] 	compiled for 1.20.11, module version = 1.20.11
[  3600.642] 	Module class: X.Org Video Driver
[  3600.642] 	ABI class: X.Org Video Driver, version 24.1
[  3600.643] (II) LoadModule: "fbdev"
[  3600.643] (II) Loading /usr/lib/xorg/modules/drivers/fbdev_drv.so
[  3600.643] (II) Module fbdev: vendor="X.Org Foundation"
[  3600.643] 	compiled for 1.20.1, module version = 0.5.0
[  3600.643] 	Module class: X.Org Video Driver
[  3600.643] 	ABI class: X.Org Video Driver, version 24.0
[  3600.643] (II) LoadModule: "vesa"
[  3600.643] (II) Loading /usr/lib/xorg/modules/drivers/vesa_drv.so
[  3600.643] (II) Module vesa: vendor="X.Org Foundation"
[  3600.643] 	compiled for 1.20.4, module version = 2.4.0
[  3600.643] 	Module class: X.Org Video Driver
[  3600.643] 	ABI class: X.Org Video Driver, version 24.0
[  3600.643] (II) vmware: driver for VMware SVGA: vmware0405, vmware0710
[  3600.643] (II) modesetting: Driver for Modesetting Kernel Drivers: kms
[  3600.643] (II) FBDEV: driver for framebuffer: fbdev
[  3600.643] (II) VESA: driver for VESA chipsets: vesa
[  3600.643] xf86EnableIOPorts: failed to set IOPL for I/O (Operation not permitted)
[  3600.643] (WW) Falling back to old probe method for modesetting
[  3600.643] (WW) Falling back to old probe method for fbdev
[  3600.643] (II) Loading sub module "fbdevhw"
[  3600.643] (II) LoadModule: "fbdevhw"
[  3600.643] (II) Loading /usr/lib/xorg/modules/libfbdevhw.so
[  3600.643] (II) Module fbdevhw: vendor="X.Org Foundation"
[  3600.643] 	compiled for 1.20.11, module version = 0.0.2
[  3600.643] 	ABI class: X.Org Video Driver, version 24.1
[  3600.643] (EE) open /dev/fb0: Permission denied
[  3600.643] (WW) VGA arbiter: cannot open kernel arbiter, no multi-card support
[  3600.643] (II) vmware(0): Creating default Display subsection in Screen section
	"Default Screen Section" for depth/fbbpp 24/32
[  3600.643] (--) vmware(0): DRM driver version is 2.18.0
[  3600.643] (==) vmware(0): Depth 24, (--) framebuffer bpp 32
[  3600.643] (==) vmware(0): RGB weight 888
[  3600.643] (==) vmware(0): Default visual is TrueColor
[  3600.643] (--) vmware(0): Min width 1, Max Width 8192.
[  3600.643] (--) vmware(0): Min height 1, Max Height 8192.
[  3600.643] (II) vmware(0): Output Virtual1 has no monitor section
[  3600.643] (II) vmware(0): Output Virtual2 has no monitor section
[  3600.643] (II) vmware(0): Output Virtual3 has no monitor section
[  3600.643] (II) vmware(0): Output Virtual4 has no monitor section
[  3600.643] (II) vmware(0): Output Virtual5 has no monitor section
[  3600.643] (II) vmware(0): Output Virtual6 has no monitor section
[  3600.643] (II) vmware(0): Output Virtual7 has no monitor section
[  3600.643] (II) vmware(0): Output Virtual8 has no monitor section
[  3600.643] (II) vmware(0): Printing probed modes for output Virtual1
[  3600.643] (II) vmware(0): Modeline "1280x636"x60.0   67.43  1280 1330 1380 1430  636 686 736 786 -hsync +vsync (47.2 kHz eP)
[  3600.643] (II) vmware(0): Modeline "2560x1600"x60.0  348.50  2560 2752 3032 3504  1600 1603 1609 1658 -hsync +vsync (99.5 kHz e)
[  3600.643] (II) vmware(0): Modeline "1920x1440"x60.0  234.00  1920 2048 2256 2600  1440 1441 1444 1500 -hsync +vsync (90.0 kHz e)
[  3600.643] (II) vmware(0): Modeline "1856x1392"x60.0  218.25  1856 1952 2176 2528  1392 1393 1396 1439 -hsync +vsync (86.3 kHz e)
[  3600.643] (II) vmware(0): Modeline "1792x1344"x60.0  204.75  1792 1920 2120 2448  1344 1345 1348 1394 -hsync +vsync (83.6 kHz e)
[  3600.643] (II) vmware(0): Modeline "1920x1200"x59.9  193.25  1920 2056 2256 2592  1200 1203 1209 1245 -hsync +vsync (74.6 kHz e)
[  3600.643] (II) vmware(0): Modeline "1600x1200"x60.0  162.00  1600 1664 1856 2160  1200 1201 1204 1250 +hsync +vsync (75.0 kHz e)
[  3600.643] (II) vmware(0): Modeline "1680x1050"x60.0  146.25  1680 1784 1960 2240  1050 1053 1059 1089 -hsync +vsync (65.3 kHz e)
[  3600.643] (II) vmware(0): Modeline "1400x1050"x60.0  121.75  1400 1488 1632 1864  1050 1053 1057 1089 -hsync +vsync (65.3 kHz e)
[  3600.643] (II) vmware(0): Modeline "1280x1024"x60.0  108.00  1280 1328 1440 1688  1024 1025 1028 1066 +hsync +vsync (64.0 kHz e)
[  3600.643] (II) vmware(0): Modeline "1440x900"x59.9  106.50  1440 1520 1672 1904  900 903 909 934 -hsync +vsync (55.9 kHz e)
[  3600.643] (II) vmware(0): Modeline "1280x960"x60.0  108.00  1280 1376 1488 1800  960 961 964 1000 +hsync +vsync (60.0 kHz e)
[  3600.643] (II) vmware(0): Modeline "1360x768"x60.0   85.50  1360 1424 1536 1792  768 771 777 795 +hsync +vsync (47.7 kHz e)
[  3600.643] (II) vmware(0): Modeline "1280x800"x59.8   83.50  1280 1352 1480 1680  800 803 809 831 +hsync -vsync (49.7 kHz e)
[  3600.643] (II) vmware(0): Modeline "1152x864"x75.0  108.00  1152 1216 1344 1600  864 865 868 900 +hsync +vsync (67.5 kHz e)
[  3600.643] (II) vmware(0): Modeline "1280x768"x59.9   79.50  1280 1344 1472 1664  768 771 778 798 -hsync +vsync (47.8 kHz e)
[  3600.643] (II) vmware(0): Modeline "1024x768"x60.0   65.00  1024 1048 1184 1344  768 771 777 806 -hsync -vsync (48.4 kHz e)
[  3600.643] (II) vmware(0): Modeline "800x600"x60.3   40.00  800 840 968 1056  600 601 605 628 +hsync +vsync (37.9 kHz e)
[  3600.643] (II) vmware(0): Modeline "640x480"x59.9   25.18  640 656 752 800  480 489 492 525 -hsync -vsync (31.5 kHz e)
[  3600.643] (II) vmware(0): EDID for output Virtual2
[  3600.644] (II) vmware(0): EDID for output Virtual3
[  3600.644] (II) vmware(0): EDID for output Virtual4
[  3600.644] (II) vmware(0): EDID for output Virtual5
[  3600.644] (II) vmware(0): EDID for output Virtual6
[  3600.644] (II) vmware(0): EDID for output Virtual7
[  3600.644] (II) vmware(0): EDID for output Virtual8
[  3600.644] (II) vmware(0): Output Virtual1 connected
[  3600.644] (II) vmware(0): Output Virtual2 disconnected
[  3600.644] (II) vmware(0): Output Virtual3 disconnected
[  3600.644] (II) vmware(0): Output Virtual4 disconnected
[  3600.644] (II) vmware(0): Output Virtual5 disconnected
[  3600.644] (II) vmware(0): Output Virtual6 disconnected
[  3600.644] (II) vmware(0): Output Virtual7 disconnected
[  3600.644] (II) vmware(0): Output Virtual8 disconnected
[  3600.644] (II) vmware(0): Using exact sizes for initial modes
[  3600.644] (II) vmware(0): Output Virtual1 using initial mode 1280x636 +0+0
[  3600.644] (==) vmware(0): DPI set to (96, 96)
[  3600.644] (==) vmware(0): Using gamma correction (1.0, 1.0, 1.0)
[  3600.644] (II) Loading sub module "fb"
[  3600.644] (II) LoadModule: "fb"
[  3600.644] (II) Loading /usr/lib/xorg/modules/libfb.so
[  3600.644] (II) Module fb: vendor="X.Org Foundation"
[  3600.644] 	compiled for 1.20.11, module version = 1.0.0
[  3600.644] 	ABI class: X.Org ANSI C Emulation, version 0.4
[  3600.644] (II) Loading sub module "dri2"
[  3600.644] (II) LoadModule: "dri2"
[  3600.644] (II) Module "dri2" already built-in
[  3600.644] (II) Loading sub module "dri3"
[  3600.644] (II) LoadModule: "dri3"
[  3600.644] (II) Module "dri3" already built-in
[  3600.644] (II) UnloadModule: "modesetting"
[  3600.644] (II) Unloading modesetting
[  3600.644] (II) UnloadModule: "fbdev"
[  3600.644] (II) Unloading fbdev
[  3600.644] (II) UnloadSubModule: "fbdevhw"
[  3600.644] (II) Unloading fbdevhw
[  3600.644] (II) UnloadModule: "vesa"
[  3600.644] (II) Unloading vesa
[  3600.644] (II) vmware(0): Initialized VMWARE_CTRL extension version 0.2
[  3600.646] (WW) vmware(0): Failed to initialize Gallium3D Xa. No render acceleration available.
[  3600.646] (WW) vmware(0): Skipped initialization of direct rendering due to lack of render acceleration.
[  3600.646] (--) vmware(0): Render acceleration is disabled.
[  3600.646] (==) vmware(0): Rendercheck mode is disabled.
[  3600.646] (--) vmware(0): Direct rendering (DRI2 3D) is disabled.
[  3600.646] (--) vmware(0): Direct rendering (DRI3 3D) is disabled.
[  3600.646] (==) vmware(0): Backing store enabled
[  3600.646] (==) vmware(0): Silken mouse enabled
[  3600.647] (==) vmware(0): DPMS enabled
[  3600.647] (II) vmware(0): No 3D acceleration. Not setting up textured video.
[  3600.647] (WW) vmware(0): Disabling Xv because no adaptors could be initialized.
[  3600.647] (II) Initializing extension Generic Event Extension
[  3600.647] (II) Initializing extension SHAPE
[  3600.647] (II) Initializing extension MIT-SHM
[  3600.647] (II) Initializing extension XInputExtension
[  3600.647] (II) Initializing extension XTEST
[  3600.647] (II) Initializing extension BIG-REQUESTS
[  3600.648] (II) Initializing extension SYNC
[  3600.648] (II) Initializing extension XKEYBOARD
[  3600.648] (II) Initializing extension XC-MISC
[  3600.648] (II) Initializing extension SECURITY
[  3600.648] (II) Initializing extension XFIXES
[  3600.648] (II) Initializing extension RENDER
[  3600.648] (II) Initializing extension RANDR
[  3600.649] (II) Initializing extension COMPOSITE
[  3600.649] (II) Initializing extension DAMAGE
[  3600.649] (II) Initializing extension MIT-SCREEN-SAVER
[  3600.649] (II) Initializing extension DOUBLE-BUFFER
[  3600.649] (II) Initializing extension RECORD
[  3600.649] (II) Initializing extension DPMS
[  3600.649] (II) Initializing extension Present
[  3600.649] (II) Initializing extension DRI3
[  3600.649] (II) Initializing extension X-Resource
[  3600.649] (II) Initializing extension XVideo
[  3600.649] (II) Initializing extension XVideo-MotionCompensation
[  3600.649] (II) Initializing extension SELinux
[  3600.650] (II) SELinux: Disabled on system
[  3600.650] (II) Initializing extension GLX
[  3600.650] (II) AIGLX: Screen 0 is not DRI2 capable
[  3600.655] (II) IGLX: Loaded and initialized swrast
[  3600.655] (II) GLX: Initialized DRISWRAST GL provider for screen 0
[  3600.655] (II) Initializing extension XFree86-VidModeExtension
[  3600.655] (II) Initializing extension XFree86-DGA
[  3600.655] (II) Initializing extension XFree86-DRI
[  3600.655] (II) Initializing extension DRI2
[  3600.658] (II) vmware(0): Setting screen physical size to 338 x 168
[  3600.687] (II) config/udev: Adding input device Power Button (/dev/input/event0)
[  3600.687] (**) Power Button: Applying InputClass "libinput keyboard catchall"
[  3600.687] (II) LoadModule: "libinput"
[  3600.687] (II) Loading /usr/lib/xorg/modules/input/libinput_drv.so
[  3600.688] (II) Module libinput: vendor="X.Org Foundation"
[  3600.688] 	compiled for 1.20.4, module version = 0.29.0
[  3600.688] 	Module class: X.Org XInput Driver
[  3600.688] 	ABI class: X.Org XInput driver, version 24.1
[  3600.688] (II) Using input driver 'libinput' for 'Power Button'
[  3600.689] (II) systemd-logind: got fd for /dev/input/event0 13:64 fd 21 paused 0
[  3600.690] (**) Power Button: always reports core events
[  3600.690] (**) Option "Device" "/dev/input/event0"
[  3600.690] (**) Option "_source" "server/udev"
[  3600.691] (II) event0  - Power Button: is tagged by udev as: Keyboard
[  3600.691] (II) event0  - Power Button: device is a keyboard
[  3600.691] (II) event0  - Power Button: device removed
[  3600.691] (**) Option "config_info" "udev:/sys/devices/LNXSYSTM:00/LNXPWRBN:00/input/input0/event0"
[  3600.691] (II) XINPUT: Adding extended input device "Power Button" (type: KEYBOARD, id 6)
[  3600.691] (**) Option "xkb_model" "pc105"
[  3600.691] (**) Option "xkb_layout" "us"
[  3600.692] (II) event0  - Power Button: is tagged by udev as: Keyboard
[  3600.692] (II) event0  - Power Button: device is a keyboard
[  3600.692] (II) config/udev: Adding input device Sleep Button (/dev/input/event1)
[  3600.692] (**) Sleep Button: Applying InputClass "libinput keyboard catchall"
[  3600.692] (II) Using input driver 'libinput' for 'Sleep Button'
[  3600.693] (II) systemd-logind: got fd for /dev/input/event1 13:65 fd 24 paused 0
[  3600.693] (**) Sleep Button: always reports core events
[  3600.693] (**) Option "Device" "/dev/input/event1"
[  3600.693] (**) Option "_source" "server/udev"
[  3600.694] (II) event1  - Sleep Button: is tagged by udev as: Keyboard
[  3600.694] (II) event1  - Sleep Button: device is a keyboard
[  3600.694] (II) event1  - Sleep Button: device removed
[  3600.694] (**) Option "config_info" "udev:/sys/devices/LNXSYSTM:00/LNXSLPBN:00/input/input1/event1"
[  3600.694] (II) XINPUT: Adding extended input device "Sleep Button" (type: KEYBOARD, id 7)
[  3600.694] (**) Option "xkb_model" "pc105"
[  3600.694] (**) Option "xkb_layout" "us"
[  3600.695] (II) event1  - Sleep Button: is tagged by udev as: Keyboard
[  3600.695] (II) event1  - Sleep Button: device is a keyboard
[  3600.695] (II) config/udev: Adding input device Video Bus (/dev/input/event3)
[  3600.695] (**) Video Bus: Applying InputClass "libinput keyboard catchall"
[  3600.695] (II) Using input driver 'libinput' for 'Video Bus'
[  3600.696] (II) systemd-logind: got fd for /dev/input/event3 13:67 fd 25 paused 0
[  3600.696] (**) Video Bus: always reports core events
[  3600.696] (**) Option "Device" "/dev/input/event3"
[  3600.696] (**) Option "_source" "server/udev"
[  3600.696] (II) event3  - Video Bus: is tagged by udev as: Keyboard
[  3600.696] (II) event3  - Video Bus: device is a keyboard
[  3600.696] (II) event3  - Video Bus: device removed
[  3600.697] (**) Option "config_info" "udev:/sys/devices/LNXSYSTM:00/LNXSYBUS:00/PNP0A03:00/LNXVIDEO:00/input/input4/event3"
[  3600.697] (II) XINPUT: Adding extended input device "Video Bus" (type: KEYBOARD, id 8)
[  3600.697] (**) Option "xkb_model" "pc105"
[  3600.697] (**) Option "xkb_layout" "us"
[  3600.697] (II) event3  - Video Bus: is tagged by udev as: Keyboard
[  3600.697] (II) event3  - Video Bus: device is a keyboard
[  3600.698] (II) config/udev: Adding input device VirtualBox mouse integration (/dev/input/event6)
[  3600.698] (**) VirtualBox mouse integration: Applying InputClass "libinput pointer catchall"
[  3600.698] (II) Using input driver 'libinput' for 'VirtualBox mouse integration'
[  3600.699] (II) systemd-logind: got fd for /dev/input/event6 13:70 fd 26 paused 0
[  3600.699] (**) VirtualBox mouse integration: always reports core events
[  3600.699] (**) Option "Device" "/dev/input/event6"
[  3600.699] (**) Option "_source" "server/udev"
[  3600.700] (II) event6  - VirtualBox mouse integration: is tagged by udev as: Mouse
[  3600.700] (II) event6  - VirtualBox mouse integration: device is a pointer
[  3600.700] (II) event6  - VirtualBox mouse integration: device removed
[  3600.700] (**) Option "config_info" "udev:/sys/devices/pci0000:00/0000:00:04.0/input/input7/event6"
[  3600.700] (II) XINPUT: Adding extended input device "VirtualBox mouse integration" (type: MOUSE, id 9)
[  3600.700] (**) Option "AccelerationScheme" "none"
[  3600.700] (**) VirtualBox mouse integration: (accel) selected scheme none/0
[  3600.700] (**) VirtualBox mouse integration: (accel) acceleration factor: 2.000
[  3600.700] (**) VirtualBox mouse integration: (accel) acceleration threshold: 4
[  3600.700] (II) event6  - VirtualBox mouse integration: is tagged by udev as: Mouse
[  3600.700] (II) event6  - VirtualBox mouse integration: device is a pointer
[  3600.701] (II) config/udev: Adding input device VirtualBox mouse integration (/dev/input/js1)
[  3600.701] (II) No input driver specified, ignoring this device.
[  3600.701] (II) This device may have been added with another device file.
[  3600.701] (II) config/udev: Adding input device VirtualBox mouse integration (/dev/input/mouse2)
[  3600.701] (II) No input driver specified, ignoring this device.
[  3600.701] (II) This device may have been added with another device file.
[  3600.701] (II) config/udev: Adding input device VirtualBox USB Tablet (/dev/input/event5)
[  3600.702] (**) VirtualBox USB Tablet: Applying InputClass "libinput pointer catchall"
[  3600.702] (II) Using input driver 'libinput' for 'VirtualBox USB Tablet'
[  3600.702] (II) systemd-logind: got fd for /dev/input/event5 13:69 fd 27 paused 0
[  3600.702] (**) VirtualBox USB Tablet: always reports core events
[  3600.703] (**) Option "Device" "/dev/input/event5"
[  3600.703] (**) Option "_source" "server/udev"
[  3600.704] (II) event5  - VirtualBox USB Tablet: is tagged by udev as: Mouse
[  3600.704] (II) event5  - VirtualBox USB Tablet: device is a pointer
[  3600.704] (II) event5  - VirtualBox USB Tablet: device removed
[  3600.704] (**) Option "config_info" "udev:/sys/devices/pci0000:00/0000:00:06.0/usb2/2-1/2-1:1.0/0003:80EE:0021.0001/input/input6/event5"
[  3600.704] (II) XINPUT: Adding extended input device "VirtualBox USB Tablet" (type: MOUSE, id 10)
[  3600.704] (**) Option "AccelerationScheme" "none"
[  3600.704] (**) VirtualBox USB Tablet: (accel) selected scheme none/0
[  3600.704] (**) VirtualBox USB Tablet: (accel) acceleration factor: 2.000
[  3600.704] (**) VirtualBox USB Tablet: (accel) acceleration threshold: 4
[  3600.705] (II) event5  - VirtualBox USB Tablet: is tagged by udev as: Mouse
[  3600.705] (II) event5  - VirtualBox USB Tablet: device is a pointer
[  3600.706] (II) config/udev: Adding input device VirtualBox USB Tablet (/dev/input/js0)
[  3600.706] (II) No input driver specified, ignoring this device.
[  3600.706] (II) This device may have been added with another device file.
[  3600.706] (II) config/udev: Adding input device VirtualBox USB Tablet (/dev/input/mouse1)
[  3600.706] (II) No input driver specified, ignoring this device.
[  3600.706] (II) This device may have been added with another device file.
[  3600.707] (II) config/udev: Adding input device AT Translated Set 2 keyboard (/dev/input/event2)
[  3600.707] (**) AT Translated Set 2 keyboard: Applying InputClass "libinput keyboard catchall"
[  3600.707] (II) Using input driver 'libinput' for 'AT Translated Set 2 keyboard'
[  3600.708] (II) systemd-logind: got fd for /dev/input/event2 13:66 fd 28 paused 0
[  3600.708] (**) AT Translated Set 2 keyboard: always reports core events
[  3600.708] (**) Option "Device" "/dev/input/event2"
[  3600.708] (**) Option "_source" "server/udev"
[  3600.708] (II) event2  - AT Translated Set 2 keyboard: is tagged by udev as: Keyboard
[  3600.708] (II) event2  - AT Translated Set 2 keyboard: device is a keyboard
[  3600.709] (II) event2  - AT Translated Set 2 keyboard: device removed
[  3600.709] (**) Option "config_info" "udev:/sys/devices/platform/i8042/serio0/input/input2/event2"
[  3600.709] (II) XINPUT: Adding extended input device "AT Translated Set 2 keyboard" (type: KEYBOARD, id 11)
[  3600.709] (**) Option "xkb_model" "pc105"
[  3600.709] (**) Option "xkb_layout" "us"
[  3600.710] (II) event2  - AT Translated Set 2 keyboard: is tagged by udev as: Keyboard
[  3600.710] (II) event2  - AT Translated Set 2 keyboard: device is a keyboard
[  3600.711] (II) config/udev: Adding input device ImExPS/2 Generic Explorer Mouse (/dev/input/event4)
[  3600.711] (**) ImExPS/2 Generic Explorer Mouse: Applying InputClass "libinput pointer catchall"
[  3600.711] (II) Using input driver 'libinput' for 'ImExPS/2 Generic Explorer Mouse'
[  3600.711] (II) systemd-logind: got fd for /dev/input/event4 13:68 fd 29 paused 0
[  3600.711] (**) ImExPS/2 Generic Explorer Mouse: always reports core events
[  3600.711] (**) Option "Device" "/dev/input/event4"
[  3600.711] (**) Option "_source" "server/udev"
[  3600.712] (II) event4  - ImExPS/2 Generic Explorer Mouse: is tagged by udev as: Mouse
[  3600.712] (II) event4  - ImExPS/2 Generic Explorer Mouse: device is a pointer
[  3600.712] (II) event4  - ImExPS/2 Generic Explorer Mouse: device removed
[  3600.712] (**) Option "config_info" "udev:/sys/devices/platform/i8042/serio1/input/input5/event4"
[  3600.712] (II) XINPUT: Adding extended input device "ImExPS/2 Generic Explorer Mouse" (type: MOUSE, id 12)
[  3600.713] (**) Option "AccelerationScheme" "none"
[  3600.713] (**) ImExPS/2 Generic Explorer Mouse: (accel) selected scheme none/0
[  3600.713] (**) ImExPS/2 Generic Explorer Mouse: (accel) acceleration factor: 2.000
[  3600.713] (**) ImExPS/2 Generic Explorer Mouse: (accel) acceleration threshold: 4
[  3600.713] (II) event4  - ImExPS/2 Generic Explorer Mouse: is tagged by udev as: Mouse
[  3600.713] (II) event4  - ImExPS/2 Generic Explorer Mouse: device is a pointer
[  3600.714] (II) config/udev: Adding input device ImExPS/2 Generic Explorer Mouse (/dev/input/mouse0)
[  3600.714] (II) No input driver specified, ignoring this device.
[  3600.714] (II) This device may have been added with another device file.
[  3744.804] (**) Option "fd" "21"
[  3744.804] (II) event0  - Power Button: device removed
[  3744.804] (**) Option "fd" "24"
[  3744.804] (II) event1  - Sleep Button: device removed
[  3744.804] (**) Option "fd" "25"
[  3744.804] (II) event3  - Video Bus: device removed
[  3744.804] (**) Option "fd" "26"
[  3744.804] (II) event6  - VirtualBox mouse integration: device removed
[  3744.805] (**) Option "fd" "27"
[  3744.805] (II) event5  - VirtualBox USB Tablet: device removed
[  3744.805] (**) Option "fd" "28"
[  3744.805] (II) event2  - AT Translated Set 2 keyboard: device removed
[  3744.805] (**) Option "fd" "29"
[  3744.805] (II) event4  - ImExPS/2 Generic Explorer Mouse: device removed
[  3744.807] (II) UnloadModule: "libinput"
[  3744.807] (II) systemd-logind: releasing fd for 13:68
[  3745.114] (II) UnloadModule: "libinput"
[  3745.114] (II) systemd-logind: releasing fd for 13:66
[  3745.306] (II) UnloadModule: "libinput"
[  3745.306] (II) systemd-logind: releasing fd for 13:69
[  3745.322] (II) UnloadModule: "libinput"
[  3745.322] (II) systemd-logind: releasing fd for 13:70
[  3745.374] (II) UnloadModule: "libinput"
[  3745.374] (II) systemd-logind: releasing fd for 13:67
[  3745.414] (II) UnloadModule: "libinput"
[  3745.414] (II) systemd-logind: releasing fd for 13:65
[  3745.470] (II) UnloadModule: "libinput"
[  3745.471] (II) systemd-logind: releasing fd for 13:64
[  3745.961] (WW) xf86CloseConsole: KDSETMODE failed: Input/output error
[  3745.961] (WW) xf86CloseConsole: VT_GETMODE failed: Input/output error
[  3745.961] (WW) xf86CloseConsole: VT_ACTIVATE failed: Input/output error
[  3745.966] (II) Server terminated successfully (0). Closing log file.
